c:\users\alber\desktop\学习\大创项目\语音识别接口\语音识别\samples\iat_record_sample\temp\intermediate\win32\release\vc140.pdb
c:\users\alber\desktop\学习\大创项目\语音识别接口\语音识别\samples\iat_record_sample\temp\intermediate\win32\release\winrec.nativecodeanalysis.xml
c:\users\alber\desktop\学习\大创项目\语音识别接口\语音识别\samples\iat_record_sample\temp\intermediate\win32\release\speech_recognizer.nativecodeanalysis.xml
c:\users\alber\desktop\学习\大创项目\语音识别接口\语音识别\samples\iat_record_sample\temp\intermediate\win32\release\iat_record_sample.nativecodeanalysis.xml
c:\users\alber\desktop\学习\大创项目\语音识别接口\语音识别\samples\iat_record_sample\temp\intermediate\win32\release\iat_record_sample.obj
c:\users\alber\desktop\学习\大创项目\语音识别接口\语音识别\samples\iat_record_sample\temp\intermediate\win32\release\speech_recognizer.obj
c:\users\alber\desktop\学习\大创项目\语音识别接口\语音识别\samples\iat_record_sample\temp\intermediate\win32\release\winrec.obj
c:\users\alber\desktop\学习\大创项目\语音识别接口\语音识别\samples\iat_record_sample\temp\output\win32\release\iat_record_sample.exe
c:\users\alber\desktop\学习\大创项目\语音识别接口\语音识别\samples\iat_record_sample\temp\output\win32\release\iat_record_sample.ipdb
c:\users\alber\desktop\学习\大创项目\语音识别接口\语音识别\samples\iat_record_sample\temp\output\win32\release\iat_record_sample.iobj
c:\users\alber\desktop\学习\大创项目\语音识别接口\语音识别\samples\iat_record_sample\temp\output\win32\release\iat_record_sample.pdb
c:\users\alber\desktop\学习\大创项目\语音识别接口\语音识别\samples\iat_record_sample\temp\intermediate\win32\release\nativecodeanalysis.read.1.tlog
c:\users\alber\desktop\学习\大创项目\语音识别接口\语音识别\samples\iat_record_sample\temp\intermediate\win32\release\vc.nativecodeanalysis.all.xml
c:\users\alber\desktop\学习\大创项目\语音识别接口\语音识别\samples\iat_record_sample\temp\output\win32\release\iat_record_sample.exe.lastcodeanalysissucceeded
c:\users\alber\desktop\学习\大创项目\语音识别接口\语音识别\samples\iat_record_sample\temp\intermediate\win32\release\iat_reco.9fbc5bdc.tlog\cl.command.1.tlog
c:\users\alber\desktop\学习\大创项目\语音识别接口\语音识别\samples\iat_record_sample\temp\intermediate\win32\release\iat_reco.9fbc5bdc.tlog\cl.read.1.tlog
c:\users\alber\desktop\学习\大创项目\语音识别接口\语音识别\samples\iat_record_sample\temp\intermediate\win32\release\iat_reco.9fbc5bdc.tlog\cl.write.1.tlog
c:\users\alber\desktop\学习\大创项目\语音识别接口\语音识别\samples\iat_record_sample\temp\intermediate\win32\release\iat_reco.9fbc5bdc.tlog\link.command.1.tlog
c:\users\alber\desktop\学习\大创项目\语音识别接口\语音识别\samples\iat_record_sample\temp\intermediate\win32\release\iat_reco.9fbc5bdc.tlog\link.read.1.tlog
c:\users\alber\desktop\学习\大创项目\语音识别接口\语音识别\samples\iat_record_sample\temp\intermediate\win32\release\iat_reco.9fbc5bdc.tlog\link.write.1.tlog
